<?xml version="1.0" encoding="UTF-8"?>
<testng-results ignored="0" total="1" passed="1" failed="0" skipped="0">
  <reporter-output>
    <line>
      <![CDATA[SECURE CHECKOUT]]>
    </line>
  </reporter-output>
  <suite started-at="2023-10-15T15:47:40 IST" name="Default suite" finished-at="2023-10-15T15:47:55 IST" duration-ms="14937">
    <groups>
    </groups>
    <test started-at="2023-10-15T15:47:40 IST" name="Default test" finished-at="2023-10-15T15:47:55 IST" duration-ms="14937">
      <class name="test.java.com.trello.qspiders.endtoend.SwiggyOrder">
        <test-method is-config="true" signature="configBeforeMethod()[pri:0, instance:test.java.com.trello.qspiders.endtoend.SwiggyOrder@5e0826e7]" started-at="2023-10-15T15:47:40 IST" name="configBeforeMethod" finished-at="2023-10-15T15:47:46 IST" duration-ms="5956" status="PASS">
          <reporter-output>
          </reporter-output>
        </test-method> <!-- configBeforeMethod -->
        <test-method signature="orderBiryani()[pri:0, instance:test.java.com.trello.qspiders.endtoend.SwiggyOrder@5e0826e7]" started-at="2023-10-15T15:47:46 IST" name="orderBiryani" finished-at="2023-10-15T15:47:53 IST" duration-ms="6425" status="PASS">
          <reporter-output>
            <line>
              <![CDATA[SECURE CHECKOUT]]>
            </line>
          </reporter-output>
        </test-method> <!-- orderBiryani -->
        <test-method is-config="true" signature="configAfterMethod()[pri:0, instance:test.java.com.trello.qspiders.endtoend.SwiggyOrder@5e0826e7]" started-at="2023-10-15T15:47:53 IST" name="configAfterMethod" finished-at="2023-10-15T15:47:55 IST" duration-ms="2514" status="PASS">
          <reporter-output>
          </reporter-output>
        </test-method> <!-- configAfterMethod -->
      </class> <!-- test.java.com.trello.qspiders.endtoend.SwiggyOrder -->
    </test> <!-- Default test -->
  </suite> <!-- Default suite -->
</testng-results>
